2025-11-02 02:05:02,243 ERROR scheduler Skipped queueing erpnext.projects.doctype.project.project.hourly_reminder because it was found in queue for newsite.com
2025-11-02 02:05:02,501 ERROR scheduler Skipped queueing frappe.utils.global_search.sync_global_search because it was found in queue for newsite.com
2025-11-02 02:05:02,552 ERROR scheduler Skipped queueing frappe.website.doctype.personal_data_deletion_request.personal_data_deletion_request.process_data_deletion_request because it was found in queue for newsite.com
2025-11-02 02:05:02,686 ERROR scheduler Skipped queueing erpnext.utilities.bulk_transaction.retry because it was found in queue for newsite.com
2025-11-02 02:05:02,718 ERROR scheduler Skipped queueing frappe.search.sqlite_search.build_index_if_not_exists because it was found in queue for newsite.com
2025-11-02 02:05:02,880 ERROR scheduler Skipped queueing frappe.email.queue.retry_sending_emails because it was found in queue for newsite.com
2025-11-02 02:05:02,937 ERROR scheduler Skipped queueing erpnext.stock.doctype.repost_item_valuation.repost_item_valuation.repost_entries because it was found in queue for newsite.com
2025-11-02 02:05:03,103 ERROR scheduler Skipped queueing frappe.email.doctype.email_account.email_account.pull because it was found in queue for newsite.com
2025-11-02 02:05:03,426 ERROR scheduler Skipped queueing frappe.desk.utils.delete_old_exported_report_files because it was found in queue for newsite.com
2025-11-02 02:05:03,456 ERROR scheduler Skipped queueing erpnext.erpnext_integrations.doctype.plaid_settings.plaid_settings.automatic_synchronization because it was found in queue for newsite.com
2025-11-02 02:05:03,481 ERROR scheduler Skipped queueing frappe.deferred_insert.save_to_db because it was found in queue for newsite.com
2025-11-02 02:05:03,497 ERROR scheduler Skipped queueing frappe.email.queue.flush because it was found in queue for newsite.com
2025-11-02 02:05:03,558 ERROR scheduler Skipped queueing frappe.model.utils.user_settings.sync_user_settings because it was found in queue for newsite.com
2025-11-02 02:05:03,679 ERROR scheduler Skipped queueing frappe.email.doctype.newsletter.newsletter.send_scheduled_email because it was found in queue for newsite.com
2025-11-02 02:05:03,697 ERROR scheduler Skipped queueing frappe.oauth.delete_oauth2_data because it was found in queue for newsite.com
2025-11-02 02:05:03,743 ERROR scheduler Skipped queueing frappe.pulse.client.send_queued_events because it was found in queue for newsite.com
2025-11-02 02:05:03,766 ERROR scheduler Skipped queueing frappe.monitor.flush because it was found in queue for newsite.com
2025-11-02 02:06:03,902 ERROR scheduler Skipped queueing erpnext.stock.doctype.repost_item_valuation.repost_item_valuation.repost_entries because it was found in queue for newsite.com
2025-11-02 02:06:03,909 ERROR scheduler Skipped queueing frappe.monitor.flush because it was found in queue for newsite.com
2025-11-02 02:06:03,919 ERROR scheduler Skipped queueing frappe.model.utils.user_settings.sync_user_settings because it was found in queue for newsite.com
2025-11-02 02:06:03,935 ERROR scheduler Skipped queueing frappe.search.sqlite_search.build_index_if_not_exists because it was found in queue for newsite.com
2025-11-02 02:06:03,941 ERROR scheduler Skipped queueing frappe.integrations.doctype.google_calendar.google_calendar.sync because it was found in queue for newsite.com
2025-11-02 02:06:03,948 ERROR scheduler Skipped queueing frappe.email.queue.retry_sending_emails because it was found in queue for newsite.com
2025-11-02 02:06:03,952 ERROR scheduler Skipped queueing frappe.deferred_insert.save_to_db because it was found in queue for newsite.com
2025-11-02 02:06:04,027 ERROR scheduler Skipped queueing erpnext.projects.doctype.project.project.project_status_update_reminder because it was found in queue for newsite.com
2025-11-02 02:06:04,032 ERROR scheduler Skipped queueing frappe.desk.utils.delete_old_exported_report_files because it was found in queue for newsite.com
2025-11-02 02:06:04,042 ERROR scheduler Skipped queueing frappe.website.doctype.personal_data_deletion_request.personal_data_deletion_request.process_data_deletion_request because it was found in queue for newsite.com
2025-11-02 02:06:04,065 ERROR scheduler Skipped queueing erpnext.utilities.doctype.video.video.update_youtube_data because it was found in queue for newsite.com
2025-11-02 02:06:04,081 ERROR scheduler Skipped queueing frappe.desk.form.document_follow.send_hourly_updates because it was found in queue for newsite.com
2025-11-02 02:06:04,087 ERROR scheduler Skipped queueing frappe.oauth.delete_oauth2_data because it was found in queue for newsite.com
2025-11-02 02:06:04,108 ERROR scheduler Skipped queueing frappe.model.utils.link_count.update_link_count because it was found in queue for newsite.com
2025-11-02 02:06:04,122 ERROR scheduler Skipped queueing frappe.utils.global_search.sync_global_search because it was found in queue for newsite.com
2025-11-02 02:06:04,128 ERROR scheduler Skipped queueing frappe.core.doctype.prepared_report.prepared_report.expire_stalled_report because it was found in queue for newsite.com
2025-11-02 02:06:04,133 ERROR scheduler Skipped queueing erpnext.projects.doctype.project.project.collect_project_status because it was found in queue for newsite.com
2025-11-02 02:06:04,156 ERROR scheduler Skipped queueing frappe.email.queue.flush because it was found in queue for newsite.com
2025-11-02 02:06:04,164 ERROR scheduler Skipped queueing frappe.email.doctype.email_account.email_account.notify_unreplied because it was found in queue for newsite.com
2025-11-02 02:06:04,169 ERROR scheduler Skipped queueing erpnext.utilities.bulk_transaction.retry because it was found in queue for newsite.com
2025-11-02 02:06:04,176 ERROR scheduler Skipped queueing erpnext.manufacturing.doctype.bom_update_log.bom_update_log.resume_bom_cost_update_jobs because it was found in queue for newsite.com
2025-11-02 02:06:04,181 ERROR scheduler Skipped queueing erpnext.projects.doctype.project.project.hourly_reminder because it was found in queue for newsite.com
2025-11-02 02:06:04,191 ERROR scheduler Skipped queueing frappe.email.doctype.email_account.email_account.pull because it was found in queue for newsite.com
2025-11-02 02:06:04,205 ERROR scheduler Skipped queueing frappe.desk.page.backups.backups.delete_downloadable_backups because it was found in queue for newsite.com
2025-11-02 02:06:04,210 ERROR scheduler Skipped queueing frappe.website.doctype.web_page.web_page.check_publish_status because it was found in queue for newsite.com
2025-11-02 02:06:04,298 ERROR scheduler Skipped queueing frappe.email.doctype.newsletter.newsletter.send_scheduled_email because it was found in queue for newsite.com
2025-11-02 02:06:04,338 ERROR scheduler Skipped queueing erpnext.erpnext_integrations.doctype.plaid_settings.plaid_settings.automatic_synchronization because it was found in queue for newsite.com
2025-11-02 02:06:04,383 ERROR scheduler Skipped queueing frappe.twofactor.delete_all_barcodes_for_users because it was found in queue for newsite.com
2025-11-02 02:06:04,413 ERROR scheduler Skipped queueing frappe.automation.doctype.reminder.reminder.send_reminders because it was found in queue for newsite.com
2025-11-02 02:06:04,423 ERROR scheduler Skipped queueing frappe.pulse.client.send_queued_events because it was found in queue for newsite.com
2025-11-02 02:07:04,669 ERROR scheduler Skipped queueing frappe.email.doctype.email_account.email_account.notify_unreplied because it was found in queue for newsite.com
2025-11-02 02:07:04,706 ERROR scheduler Skipped queueing frappe.core.doctype.prepared_report.prepared_report.expire_stalled_report because it was found in queue for newsite.com
2025-11-02 02:07:04,734 ERROR scheduler Skipped queueing erpnext.manufacturing.doctype.bom_update_log.bom_update_log.resume_bom_cost_update_jobs because it was found in queue for newsite.com
2025-11-02 02:07:04,739 ERROR scheduler Skipped queueing frappe.pulse.client.send_queued_events because it was found in queue for newsite.com
2025-11-02 02:07:04,744 ERROR scheduler Skipped queueing frappe.model.utils.user_settings.sync_user_settings because it was found in queue for newsite.com
2025-11-02 02:07:04,759 ERROR scheduler Skipped queueing erpnext.erpnext_integrations.doctype.plaid_settings.plaid_settings.automatic_synchronization because it was found in queue for newsite.com
2025-11-02 02:07:04,784 ERROR scheduler Skipped queueing frappe.model.utils.link_count.update_link_count because it was found in queue for newsite.com
2025-11-02 02:07:04,820 ERROR scheduler Skipped queueing erpnext.utilities.doctype.video.video.update_youtube_data because it was found in queue for newsite.com
2025-11-02 02:07:04,829 ERROR scheduler Skipped queueing frappe.integrations.doctype.google_calendar.google_calendar.sync because it was found in queue for newsite.com
2025-11-02 02:07:04,833 ERROR scheduler Skipped queueing frappe.desk.page.backups.backups.delete_downloadable_backups because it was found in queue for newsite.com
2025-11-02 02:07:04,848 ERROR scheduler Skipped queueing frappe.monitor.flush because it was found in queue for newsite.com
2025-11-02 02:07:04,861 ERROR scheduler Skipped queueing frappe.utils.global_search.sync_global_search because it was found in queue for newsite.com
2025-11-02 02:07:04,937 ERROR scheduler Skipped queueing frappe.email.doctype.newsletter.newsletter.send_scheduled_email because it was found in queue for newsite.com
2025-11-02 02:07:04,961 ERROR scheduler Skipped queueing frappe.desk.utils.delete_old_exported_report_files because it was found in queue for newsite.com
2025-11-02 02:07:05,108 ERROR scheduler Skipped queueing frappe.website.doctype.web_page.web_page.check_publish_status because it was found in queue for newsite.com
2025-11-02 02:07:05,121 ERROR scheduler Skipped queueing erpnext.stock.doctype.repost_item_valuation.repost_item_valuation.repost_entries because it was found in queue for newsite.com
2025-11-02 02:07:05,131 ERROR scheduler Skipped queueing frappe.automation.doctype.reminder.reminder.send_reminders because it was found in queue for newsite.com
2025-11-02 02:07:05,154 ERROR scheduler Skipped queueing frappe.twofactor.delete_all_barcodes_for_users because it was found in queue for newsite.com
2025-11-02 02:07:05,175 ERROR scheduler Skipped queueing erpnext.projects.doctype.project.project.project_status_update_reminder because it was found in queue for newsite.com
2025-11-02 02:07:05,192 ERROR scheduler Skipped queueing frappe.website.doctype.personal_data_deletion_request.personal_data_deletion_request.process_data_deletion_request because it was found in queue for newsite.com
2025-11-02 02:07:05,236 ERROR scheduler Skipped queueing frappe.email.queue.retry_sending_emails because it was found in queue for newsite.com
2025-11-02 02:07:05,257 ERROR scheduler Skipped queueing frappe.desk.form.document_follow.send_hourly_updates because it was found in queue for newsite.com
2025-11-02 02:07:05,266 ERROR scheduler Skipped queueing frappe.email.queue.flush because it was found in queue for newsite.com
2025-11-02 02:07:05,277 ERROR scheduler Skipped queueing erpnext.projects.doctype.project.project.hourly_reminder because it was found in queue for newsite.com
2025-11-02 02:07:05,282 ERROR scheduler Skipped queueing frappe.deferred_insert.save_to_db because it was found in queue for newsite.com
2025-11-02 02:07:05,310 ERROR scheduler Skipped queueing erpnext.utilities.bulk_transaction.retry because it was found in queue for newsite.com
2025-11-02 02:07:05,363 ERROR scheduler Skipped queueing frappe.search.sqlite_search.build_index_if_not_exists because it was found in queue for newsite.com
2025-11-02 02:07:05,387 ERROR scheduler Skipped queueing erpnext.projects.doctype.project.project.collect_project_status because it was found in queue for newsite.com
2025-11-02 02:07:05,396 ERROR scheduler Skipped queueing frappe.oauth.delete_oauth2_data because it was found in queue for newsite.com
2025-11-02 02:07:05,432 ERROR scheduler Skipped queueing frappe.email.doctype.email_account.email_account.pull because it was found in queue for newsite.com
2025-11-02 02:08:05,841 ERROR scheduler Skipped queueing erpnext.manufacturing.doctype.bom_update_log.bom_update_log.resume_bom_cost_update_jobs because it was found in queue for newsite.com
2025-11-02 02:08:05,870 ERROR scheduler Skipped queueing frappe.email.queue.flush because it was found in queue for newsite.com
2025-11-02 02:08:06,001 ERROR scheduler Skipped queueing frappe.desk.utils.delete_old_exported_report_files because it was found in queue for newsite.com
2025-11-02 02:08:06,006 ERROR scheduler Skipped queueing erpnext.projects.doctype.project.project.project_status_update_reminder because it was found in queue for newsite.com
2025-11-02 02:08:06,046 ERROR scheduler Skipped queueing frappe.search.sqlite_search.build_index_if_not_exists because it was found in queue for newsite.com
2025-11-02 02:08:06,124 ERROR scheduler Skipped queueing frappe.automation.doctype.reminder.reminder.send_reminders because it was found in queue for newsite.com
2025-11-02 02:08:06,140 ERROR scheduler Skipped queueing erpnext.projects.doctype.project.project.collect_project_status because it was found in queue for newsite.com
2025-11-02 02:08:06,361 ERROR scheduler Skipped queueing frappe.desk.form.document_follow.send_hourly_updates because it was found in queue for newsite.com
2025-11-02 02:08:06,388 ERROR scheduler Skipped queueing frappe.oauth.delete_oauth2_data because it was found in queue for newsite.com
2025-11-02 02:08:06,398 ERROR scheduler Skipped queueing frappe.model.utils.link_count.update_link_count because it was found in queue for newsite.com
2025-11-02 02:08:06,424 ERROR scheduler Skipped queueing erpnext.utilities.bulk_transaction.retry because it was found in queue for newsite.com
2025-11-02 02:08:06,474 ERROR scheduler Skipped queueing frappe.twofactor.delete_all_barcodes_for_users because it was found in queue for newsite.com
2025-11-02 02:08:06,535 ERROR scheduler Skipped queueing frappe.model.utils.user_settings.sync_user_settings because it was found in queue for newsite.com
2025-11-02 02:08:06,577 ERROR scheduler Skipped queueing frappe.deferred_insert.save_to_db because it was found in queue for newsite.com
2025-11-02 02:08:06,603 ERROR scheduler Skipped queueing frappe.desk.page.backups.backups.delete_downloadable_backups because it was found in queue for newsite.com
2025-11-02 02:08:06,644 ERROR scheduler Skipped queueing erpnext.stock.doctype.repost_item_valuation.repost_item_valuation.repost_entries because it was found in queue for newsite.com
2025-11-02 02:08:06,670 ERROR scheduler Skipped queueing frappe.website.doctype.web_page.web_page.check_publish_status because it was found in queue for newsite.com
2025-11-02 02:08:06,751 ERROR scheduler Skipped queueing erpnext.utilities.doctype.video.video.update_youtube_data because it was found in queue for newsite.com
2025-11-02 02:08:06,770 ERROR scheduler Skipped queueing erpnext.erpnext_integrations.doctype.plaid_settings.plaid_settings.automatic_synchronization because it was found in queue for newsite.com
2025-11-02 02:08:06,790 ERROR scheduler Skipped queueing erpnext.projects.doctype.project.project.hourly_reminder because it was found in queue for newsite.com
2025-11-02 02:08:06,824 ERROR scheduler Skipped queueing frappe.email.doctype.email_account.email_account.pull because it was found in queue for newsite.com
2025-11-02 02:08:06,835 ERROR scheduler Skipped queueing frappe.email.doctype.newsletter.newsletter.send_scheduled_email because it was found in queue for newsite.com
2025-11-02 02:08:06,843 ERROR scheduler Skipped queueing frappe.utils.global_search.sync_global_search because it was found in queue for newsite.com
2025-11-02 02:08:06,879 ERROR scheduler Skipped queueing frappe.website.doctype.personal_data_deletion_request.personal_data_deletion_request.process_data_deletion_request because it was found in queue for newsite.com
2025-11-02 02:08:06,922 ERROR scheduler Skipped queueing frappe.integrations.doctype.google_calendar.google_calendar.sync because it was found in queue for newsite.com
2025-11-02 02:08:06,944 ERROR scheduler Skipped queueing frappe.pulse.client.send_queued_events because it was found in queue for newsite.com
2025-11-02 02:08:07,005 ERROR scheduler Skipped queueing frappe.monitor.flush because it was found in queue for newsite.com
2025-11-02 02:08:07,030 ERROR scheduler Skipped queueing frappe.email.queue.retry_sending_emails because it was found in queue for newsite.com
2025-11-02 02:08:07,047 ERROR scheduler Skipped queueing frappe.core.doctype.prepared_report.prepared_report.expire_stalled_report because it was found in queue for newsite.com
2025-11-02 02:08:07,061 ERROR scheduler Skipped queueing frappe.email.doctype.email_account.email_account.notify_unreplied because it was found in queue for newsite.com
2025-11-02 02:09:07,252 ERROR scheduler Skipped queueing erpnext.projects.doctype.project.project.project_status_update_reminder because it was found in queue for newsite.com
2025-11-02 02:09:07,261 ERROR scheduler Skipped queueing frappe.website.doctype.personal_data_deletion_request.personal_data_deletion_request.process_data_deletion_request because it was found in queue for newsite.com
2025-11-02 02:09:07,270 ERROR scheduler Skipped queueing frappe.oauth.delete_oauth2_data because it was found in queue for newsite.com
2025-11-02 02:09:07,286 ERROR scheduler Skipped queueing frappe.monitor.flush because it was found in queue for newsite.com
2025-11-02 02:09:07,313 ERROR scheduler Skipped queueing erpnext.utilities.doctype.video.video.update_youtube_data because it was found in queue for newsite.com
2025-11-02 02:09:07,338 ERROR scheduler Skipped queueing erpnext.stock.doctype.repost_item_valuation.repost_item_valuation.repost_entries because it was found in queue for newsite.com
2025-11-02 02:09:07,454 ERROR scheduler Skipped queueing frappe.integrations.doctype.google_calendar.google_calendar.sync because it was found in queue for newsite.com
2025-11-02 02:09:07,497 ERROR scheduler Skipped queueing erpnext.projects.doctype.project.project.hourly_reminder because it was found in queue for newsite.com
2025-11-02 02:09:07,511 ERROR scheduler Skipped queueing frappe.email.doctype.email_account.email_account.notify_unreplied because it was found in queue for newsite.com
2025-11-02 02:09:07,525 ERROR scheduler Skipped queueing erpnext.erpnext_integrations.doctype.plaid_settings.plaid_settings.automatic_synchronization because it was found in queue for newsite.com
2025-11-02 02:09:07,532 ERROR scheduler Skipped queueing frappe.desk.page.backups.backups.delete_downloadable_backups because it was found in queue for newsite.com
2025-11-02 02:09:07,537 ERROR scheduler Skipped queueing frappe.email.doctype.newsletter.newsletter.send_scheduled_email because it was found in queue for newsite.com
2025-11-02 02:09:07,547 ERROR scheduler Skipped queueing frappe.search.sqlite_search.build_index_if_not_exists because it was found in queue for newsite.com
2025-11-02 02:09:07,552 ERROR scheduler Skipped queueing frappe.core.doctype.prepared_report.prepared_report.expire_stalled_report because it was found in queue for newsite.com
2025-11-02 02:09:07,559 ERROR scheduler Skipped queueing frappe.model.utils.user_settings.sync_user_settings because it was found in queue for newsite.com
2025-11-02 02:09:07,569 ERROR scheduler Skipped queueing frappe.email.doctype.email_account.email_account.pull because it was found in queue for newsite.com
2025-11-02 02:09:07,610 ERROR scheduler Skipped queueing erpnext.utilities.bulk_transaction.retry because it was found in queue for newsite.com
2025-11-02 02:09:07,615 ERROR scheduler Skipped queueing frappe.utils.global_search.sync_global_search because it was found in queue for newsite.com
2025-11-02 02:09:07,626 ERROR scheduler Skipped queueing frappe.automation.doctype.reminder.reminder.send_reminders because it was found in queue for newsite.com
2025-11-02 02:09:07,633 ERROR scheduler Skipped queueing frappe.deferred_insert.save_to_db because it was found in queue for newsite.com
2025-11-02 02:09:07,641 ERROR scheduler Skipped queueing frappe.twofactor.delete_all_barcodes_for_users because it was found in queue for newsite.com
2025-11-02 02:09:07,659 ERROR scheduler Skipped queueing erpnext.projects.doctype.project.project.collect_project_status because it was found in queue for newsite.com
2025-11-02 02:09:07,675 ERROR scheduler Skipped queueing frappe.website.doctype.web_page.web_page.check_publish_status because it was found in queue for newsite.com
2025-11-02 02:09:07,696 ERROR scheduler Skipped queueing frappe.desk.utils.delete_old_exported_report_files because it was found in queue for newsite.com
2025-11-02 02:09:07,701 ERROR scheduler Skipped queueing frappe.model.utils.link_count.update_link_count because it was found in queue for newsite.com
2025-11-02 02:09:07,711 ERROR scheduler Skipped queueing frappe.email.queue.retry_sending_emails because it was found in queue for newsite.com
2025-11-02 02:09:07,715 ERROR scheduler Skipped queueing frappe.pulse.client.send_queued_events because it was found in queue for newsite.com
2025-11-02 02:09:07,721 ERROR scheduler Skipped queueing erpnext.manufacturing.doctype.bom_update_log.bom_update_log.resume_bom_cost_update_jobs because it was found in queue for newsite.com
2025-11-02 02:09:07,745 ERROR scheduler Skipped queueing frappe.desk.form.document_follow.send_hourly_updates because it was found in queue for newsite.com
2025-11-02 02:09:07,754 ERROR scheduler Skipped queueing frappe.email.queue.flush because it was found in queue for newsite.com
2025-11-02 02:10:09,185 ERROR scheduler Exception in Enqueue Events for Site newsite.com
Traceback (most recent call last):
  File "/home/abhishek/frappe-bench/env/lib/python3.10/site-packages/redis/connection.py", line 1463, in get_connection
    if connection.can_read():
  File "/home/abhishek/frappe-bench/env/lib/python3.10/site-packages/redis/connection.py", line 861, in can_read
    return self._parser.can_read(timeout)
  File "/home/abhishek/frappe-bench/env/lib/python3.10/site-packages/redis/connection.py", line 444, in can_read
    return self.read_from_socket(timeout=timeout, raise_on_timeout=False)
  File "/home/abhishek/frappe-bench/env/lib/python3.10/site-packages/redis/connection.py", line 455, in read_from_socket
    raise ConnectionError(SERVER_CLOSED_CONNECTION_ERROR)
redis.exceptions.ConnectionError: Connection closed by server.

During handling of the above exception, another exception occurred:

Traceback (most recent call last):
  File "/home/abhishek/frappe-bench/env/lib/python3.10/site-packages/redis/connection.py", line 699, in connect
    sock = self.retry.call_with_retry(
  File "/home/abhishek/frappe-bench/env/lib/python3.10/site-packages/redis/retry.py", line 46, in call_with_retry
    return do()
  File "/home/abhishek/frappe-bench/env/lib/python3.10/site-packages/redis/connection.py", line 700, in <lambda>
    lambda: self._connect(), lambda error: self.disconnect(error)
  File "/home/abhishek/frappe-bench/env/lib/python3.10/site-packages/redis/connection.py", line 1002, in _connect
    raise err
  File "/home/abhishek/frappe-bench/env/lib/python3.10/site-packages/redis/connection.py", line 990, in _connect
    sock.connect(socket_address)
ConnectionRefusedError: [Errno 111] Connection refused

During handling of the above exception, another exception occurred:

Traceback (most recent call last):
  File "/home/abhishek/frappe-bench/apps/frappe/frappe/utils/scheduler.py", line 102, in enqueue_events_for_site
    enqueue_events(site=site)
  File "/home/abhishek/frappe-bench/apps/frappe/frappe/utils/scheduler.py", line 122, in enqueue_events
    if job_type.enqueue():
  File "/home/abhishek/frappe-bench/apps/frappe/frappe/core/doctype/scheduled_job_type/scheduled_job_type.py", line 74, in enqueue
    if not self.is_job_in_queue():
  File "/home/abhishek/frappe-bench/apps/frappe/frappe/core/doctype/scheduled_job_type/scheduled_job_type.py", line 95, in is_job_in_queue
    return is_job_enqueued(self.rq_job_id)
  File "/home/abhishek/frappe-bench/apps/frappe/frappe/utils/background_jobs.py", line 568, in is_job_enqueued
    return get_job_status(job_id) in (JobStatus.QUEUED, JobStatus.STARTED)
  File "/home/abhishek/frappe-bench/apps/frappe/frappe/utils/background_jobs.py", line 573, in get_job_status
    job = get_job(job_id)
  File "/home/abhishek/frappe-bench/apps/frappe/frappe/utils/background_jobs.py", line 580, in get_job
    return Job.fetch(create_job_id(job_id), connection=get_redis_conn())
  File "/home/abhishek/frappe-bench/env/lib/python3.10/site-packages/rq/job.py", line 591, in fetch
    job.refresh()
  File "/home/abhishek/frappe-bench/env/lib/python3.10/site-packages/rq/job.py", line 989, in refresh
    data = self.connection.hgetall(self.key)
  File "/home/abhishek/frappe-bench/env/lib/python3.10/site-packages/redis/commands/core.py", line 4887, in hgetall
    return self.execute_command("HGETALL", name)
  File "/home/abhishek/frappe-bench/env/lib/python3.10/site-packages/redis/client.py", line 1266, in execute_command
    conn = self.connection or pool.get_connection(command_name, **options)
  File "/home/abhishek/frappe-bench/env/lib/python3.10/site-packages/redis/connection.py", line 1467, in get_connection
    connection.connect()
  File "/home/abhishek/frappe-bench/env/lib/python3.10/site-packages/redis/connection.py", line 705, in connect
    raise ConnectionError(self._error_message(e))
redis.exceptions.ConnectionError: Error 111 connecting to 127.0.0.1:11000. Connection refused.
2025-11-02 02:12:36,134 ERROR scheduler Skipped queueing frappe.twofactor.delete_all_barcodes_for_users because it was found in queue for newsite.com
2025-11-02 02:12:36,436 ERROR scheduler Skipped queueing frappe.core.doctype.prepared_report.prepared_report.expire_stalled_report because it was found in queue for newsite.com
2025-11-02 02:12:36,776 ERROR scheduler Skipped queueing frappe.desk.form.document_follow.send_hourly_updates because it was found in queue for newsite.com
2025-11-02 02:12:36,903 ERROR scheduler Skipped queueing frappe.website.doctype.personal_data_deletion_request.personal_data_deletion_request.process_data_deletion_request because it was found in queue for newsite.com
2025-11-02 02:12:37,062 ERROR scheduler Skipped queueing frappe.desk.page.backups.backups.delete_downloadable_backups because it was found in queue for newsite.com
2025-11-02 02:12:37,138 ERROR scheduler Skipped queueing frappe.website.doctype.web_page.web_page.check_publish_status because it was found in queue for newsite.com
2025-11-02 02:12:37,261 ERROR scheduler Skipped queueing frappe.desk.utils.delete_old_exported_report_files because it was found in queue for newsite.com
2025-11-02 13:43:57,717 ERROR scheduler Skipped queueing frappe.email.doctype.newsletter.newsletter.send_scheduled_email because it was found in queue for newsite.com
2025-11-02 13:43:57,842 ERROR scheduler Skipped queueing frappe.oauth.delete_oauth2_data because it was found in queue for newsite.com
2025-11-02 13:43:57,849 ERROR scheduler Skipped queueing frappe.desk.form.document_follow.send_hourly_updates because it was found in queue for newsite.com
2025-11-02 13:43:57,853 ERROR scheduler Skipped queueing frappe.website.doctype.personal_data_deletion_request.personal_data_deletion_request.process_data_deletion_request because it was found in queue for newsite.com
2025-11-02 13:43:57,860 ERROR scheduler Skipped queueing erpnext.utilities.bulk_transaction.retry because it was found in queue for newsite.com
2025-11-02 13:43:57,865 ERROR scheduler Skipped queueing erpnext.projects.doctype.project.project.hourly_reminder because it was found in queue for newsite.com
2025-11-02 13:43:57,869 ERROR scheduler Skipped queueing frappe.core.doctype.prepared_report.prepared_report.expire_stalled_report because it was found in queue for newsite.com
2025-11-02 13:43:57,874 ERROR scheduler Skipped queueing erpnext.stock.doctype.repost_item_valuation.repost_item_valuation.repost_entries because it was found in queue for newsite.com
2025-11-02 13:43:57,898 ERROR scheduler Skipped queueing frappe.model.utils.user_settings.sync_user_settings because it was found in queue for newsite.com
2025-11-02 13:43:57,968 ERROR scheduler Skipped queueing frappe.desk.utils.delete_old_exported_report_files because it was found in queue for newsite.com
2025-11-02 13:43:57,980 ERROR scheduler Skipped queueing frappe.model.utils.link_count.update_link_count because it was found in queue for newsite.com
2025-11-02 13:43:57,993 ERROR scheduler Skipped queueing frappe.website.doctype.web_page.web_page.check_publish_status because it was found in queue for newsite.com
2025-11-02 13:43:58,360 ERROR scheduler Skipped queueing frappe.desk.page.backups.backups.delete_downloadable_backups because it was found in queue for newsite.com
2025-11-02 13:43:58,415 ERROR scheduler Skipped queueing frappe.pulse.client.send_queued_events because it was found in queue for newsite.com
2025-11-02 13:43:58,528 ERROR scheduler Skipped queueing frappe.monitor.flush because it was found in queue for newsite.com
2025-11-02 14:01:14,376 ERROR scheduler Skipped queueing frappe.desk.form.document_follow.send_hourly_updates because it was found in queue for newsite.com
2025-11-02 14:01:14,754 ERROR scheduler Skipped queueing frappe.deferred_insert.save_to_db because it was found in queue for newsite.com
2025-11-02 14:01:14,770 ERROR scheduler Skipped queueing frappe.pulse.client.send_queued_events because it was found in queue for newsite.com
2025-11-02 14:01:14,779 ERROR scheduler Skipped queueing frappe.twofactor.delete_all_barcodes_for_users because it was found in queue for newsite.com
2025-11-02 14:01:14,828 ERROR scheduler Skipped queueing frappe.email.doctype.newsletter.newsletter.send_scheduled_email because it was found in queue for newsite.com
2025-11-02 14:01:14,837 ERROR scheduler Skipped queueing frappe.model.utils.user_settings.sync_user_settings because it was found in queue for newsite.com
2025-11-02 14:01:14,842 ERROR scheduler Skipped queueing erpnext.utilities.doctype.video.video.update_youtube_data because it was found in queue for newsite.com
2025-11-02 14:01:14,848 ERROR scheduler Skipped queueing frappe.email.doctype.email_account.email_account.pull because it was found in queue for newsite.com
2025-11-02 14:01:14,856 ERROR scheduler Skipped queueing frappe.utils.global_search.sync_global_search because it was found in queue for newsite.com
2025-11-02 14:01:14,866 ERROR scheduler Skipped queueing erpnext.projects.doctype.project.project.collect_project_status because it was found in queue for newsite.com
2025-11-02 14:01:14,871 ERROR scheduler Skipped queueing frappe.website.doctype.web_page.web_page.check_publish_status because it was found in queue for newsite.com
2025-11-02 14:01:14,882 ERROR scheduler Skipped queueing erpnext.erpnext_integrations.doctype.plaid_settings.plaid_settings.automatic_synchronization because it was found in queue for newsite.com
2025-11-02 14:01:14,894 ERROR scheduler Skipped queueing frappe.oauth.delete_oauth2_data because it was found in queue for newsite.com
2025-11-02 14:01:14,906 ERROR scheduler Skipped queueing frappe.desk.utils.delete_old_exported_report_files because it was found in queue for newsite.com
2025-11-02 14:01:14,912 ERROR scheduler Skipped queueing erpnext.projects.doctype.project.project.hourly_reminder because it was found in queue for newsite.com
2025-11-02 14:01:14,924 ERROR scheduler Skipped queueing frappe.email.doctype.email_account.email_account.notify_unreplied because it was found in queue for newsite.com
2025-11-02 14:01:14,935 ERROR scheduler Skipped queueing erpnext.stock.doctype.repost_item_valuation.repost_item_valuation.repost_entries because it was found in queue for newsite.com
2025-11-02 14:01:14,945 ERROR scheduler Skipped queueing frappe.automation.doctype.reminder.reminder.send_reminders because it was found in queue for newsite.com
2025-11-02 14:01:14,961 ERROR scheduler Skipped queueing frappe.model.utils.link_count.update_link_count because it was found in queue for newsite.com
2025-11-02 14:01:14,975 ERROR scheduler Skipped queueing frappe.search.sqlite_search.build_index_if_not_exists because it was found in queue for newsite.com
2025-11-02 14:01:14,984 ERROR scheduler Skipped queueing erpnext.utilities.bulk_transaction.retry because it was found in queue for newsite.com
2025-11-02 14:01:15,000 ERROR scheduler Skipped queueing erpnext.manufacturing.doctype.bom_update_log.bom_update_log.resume_bom_cost_update_jobs because it was found in queue for newsite.com
2025-11-02 14:01:15,008 ERROR scheduler Skipped queueing frappe.email.queue.retry_sending_emails because it was found in queue for newsite.com
2025-11-02 14:01:15,017 ERROR scheduler Skipped queueing frappe.desk.page.backups.backups.delete_downloadable_backups because it was found in queue for newsite.com
2025-11-02 14:01:15,026 ERROR scheduler Skipped queueing frappe.email.queue.flush because it was found in queue for newsite.com
2025-11-02 14:01:15,029 ERROR scheduler Skipped queueing frappe.integrations.doctype.google_calendar.google_calendar.sync because it was found in queue for newsite.com
2025-11-02 14:01:15,040 ERROR scheduler Skipped queueing frappe.core.doctype.prepared_report.prepared_report.expire_stalled_report because it was found in queue for newsite.com
2025-11-02 14:01:15,058 ERROR scheduler Skipped queueing frappe.website.doctype.personal_data_deletion_request.personal_data_deletion_request.process_data_deletion_request because it was found in queue for newsite.com
2025-11-02 14:01:15,086 ERROR scheduler Skipped queueing erpnext.projects.doctype.project.project.project_status_update_reminder because it was found in queue for newsite.com
2025-11-02 14:01:15,101 ERROR scheduler Skipped queueing frappe.monitor.flush because it was found in queue for newsite.com
2025-11-02 14:02:15,358 ERROR scheduler Skipped queueing frappe.search.sqlite_search.build_index_if_not_exists because it was found in queue for newsite.com
2025-11-02 14:02:15,404 ERROR scheduler Skipped queueing frappe.integrations.doctype.google_calendar.google_calendar.sync because it was found in queue for newsite.com
2025-11-02 14:02:15,422 ERROR scheduler Skipped queueing erpnext.erpnext_integrations.doctype.plaid_settings.plaid_settings.automatic_synchronization because it was found in queue for newsite.com
2025-11-02 14:02:15,429 ERROR scheduler Skipped queueing frappe.utils.global_search.sync_global_search because it was found in queue for newsite.com
2025-11-02 14:02:15,439 ERROR scheduler Skipped queueing frappe.pulse.client.send_queued_events because it was found in queue for newsite.com
2025-11-02 14:02:15,444 ERROR scheduler Skipped queueing frappe.monitor.flush because it was found in queue for newsite.com
2025-11-02 14:02:15,448 ERROR scheduler Skipped queueing frappe.website.doctype.personal_data_deletion_request.personal_data_deletion_request.process_data_deletion_request because it was found in queue for newsite.com
2025-11-02 14:02:15,455 ERROR scheduler Skipped queueing frappe.desk.form.document_follow.send_hourly_updates because it was found in queue for newsite.com
2025-11-02 14:02:15,489 ERROR scheduler Skipped queueing frappe.email.doctype.email_account.email_account.pull because it was found in queue for newsite.com
2025-11-02 14:02:15,499 ERROR scheduler Skipped queueing frappe.automation.doctype.reminder.reminder.send_reminders because it was found in queue for newsite.com
2025-11-02 14:02:15,507 ERROR scheduler Skipped queueing erpnext.manufacturing.doctype.bom_update_log.bom_update_log.resume_bom_cost_update_jobs because it was found in queue for newsite.com
2025-11-02 14:02:15,517 ERROR scheduler Skipped queueing erpnext.projects.doctype.project.project.collect_project_status because it was found in queue for newsite.com
2025-11-02 14:02:15,520 ERROR scheduler Skipped queueing frappe.twofactor.delete_all_barcodes_for_users because it was found in queue for newsite.com
2025-11-02 14:02:15,525 ERROR scheduler Skipped queueing erpnext.projects.doctype.project.project.hourly_reminder because it was found in queue for newsite.com
2025-11-02 14:02:15,535 ERROR scheduler Skipped queueing frappe.email.queue.retry_sending_emails because it was found in queue for newsite.com
2025-11-02 14:02:15,547 ERROR scheduler Skipped queueing frappe.desk.page.backups.backups.delete_downloadable_backups because it was found in queue for newsite.com
2025-11-02 14:02:15,560 ERROR scheduler Skipped queueing frappe.email.queue.flush because it was found in queue for newsite.com
2025-11-02 14:02:15,566 ERROR scheduler Skipped queueing frappe.oauth.delete_oauth2_data because it was found in queue for newsite.com
2025-11-02 14:02:15,597 ERROR scheduler Skipped queueing frappe.deferred_insert.save_to_db because it was found in queue for newsite.com
2025-11-02 14:02:15,621 ERROR scheduler Skipped queueing erpnext.utilities.bulk_transaction.retry because it was found in queue for newsite.com
2025-11-02 14:02:15,636 ERROR scheduler Skipped queueing frappe.core.doctype.prepared_report.prepared_report.expire_stalled_report because it was found in queue for newsite.com
2025-11-02 14:02:15,639 ERROR scheduler Skipped queueing frappe.website.doctype.web_page.web_page.check_publish_status because it was found in queue for newsite.com
2025-11-02 14:02:15,666 ERROR scheduler Skipped queueing frappe.model.utils.link_count.update_link_count because it was found in queue for newsite.com
2025-11-02 14:02:15,719 ERROR scheduler Skipped queueing erpnext.stock.doctype.repost_item_valuation.repost_item_valuation.repost_entries because it was found in queue for newsite.com
2025-11-02 14:02:15,766 ERROR scheduler Skipped queueing frappe.email.doctype.email_account.email_account.notify_unreplied because it was found in queue for newsite.com
2025-11-02 14:02:15,849 ERROR scheduler Skipped queueing erpnext.utilities.doctype.video.video.update_youtube_data because it was found in queue for newsite.com
2025-11-02 14:02:15,912 ERROR scheduler Skipped queueing frappe.email.doctype.newsletter.newsletter.send_scheduled_email because it was found in queue for newsite.com
2025-11-02 14:02:15,934 ERROR scheduler Skipped queueing frappe.desk.utils.delete_old_exported_report_files because it was found in queue for newsite.com
2025-11-02 14:02:15,941 ERROR scheduler Skipped queueing erpnext.projects.doctype.project.project.project_status_update_reminder because it was found in queue for newsite.com
2025-11-02 14:02:15,944 ERROR scheduler Skipped queueing frappe.model.utils.user_settings.sync_user_settings because it was found in queue for newsite.com
2025-11-02 14:03:17,061 ERROR scheduler Exception in Enqueue Events for Site newsite.com
Traceback (most recent call last):
  File "/home/abhishek/frappe-bench/env/lib/python3.10/site-packages/redis/connection.py", line 1463, in get_connection
    if connection.can_read():
  File "/home/abhishek/frappe-bench/env/lib/python3.10/site-packages/redis/connection.py", line 861, in can_read
    return self._parser.can_read(timeout)
  File "/home/abhishek/frappe-bench/env/lib/python3.10/site-packages/redis/connection.py", line 444, in can_read
    return self.read_from_socket(timeout=timeout, raise_on_timeout=False)
  File "/home/abhishek/frappe-bench/env/lib/python3.10/site-packages/redis/connection.py", line 455, in read_from_socket
    raise ConnectionError(SERVER_CLOSED_CONNECTION_ERROR)
redis.exceptions.ConnectionError: Connection closed by server.

During handling of the above exception, another exception occurred:

Traceback (most recent call last):
  File "/home/abhishek/frappe-bench/env/lib/python3.10/site-packages/redis/connection.py", line 699, in connect
    sock = self.retry.call_with_retry(
  File "/home/abhishek/frappe-bench/env/lib/python3.10/site-packages/redis/retry.py", line 46, in call_with_retry
    return do()
  File "/home/abhishek/frappe-bench/env/lib/python3.10/site-packages/redis/connection.py", line 700, in <lambda>
    lambda: self._connect(), lambda error: self.disconnect(error)
  File "/home/abhishek/frappe-bench/env/lib/python3.10/site-packages/redis/connection.py", line 1002, in _connect
    raise err
  File "/home/abhishek/frappe-bench/env/lib/python3.10/site-packages/redis/connection.py", line 990, in _connect
    sock.connect(socket_address)
ConnectionRefusedError: [Errno 111] Connection refused

During handling of the above exception, another exception occurred:

Traceback (most recent call last):
  File "/home/abhishek/frappe-bench/apps/frappe/frappe/utils/scheduler.py", line 102, in enqueue_events_for_site
    enqueue_events(site=site)
  File "/home/abhishek/frappe-bench/apps/frappe/frappe/utils/scheduler.py", line 122, in enqueue_events
    if job_type.enqueue():
  File "/home/abhishek/frappe-bench/apps/frappe/frappe/core/doctype/scheduled_job_type/scheduled_job_type.py", line 74, in enqueue
    if not self.is_job_in_queue():
  File "/home/abhishek/frappe-bench/apps/frappe/frappe/core/doctype/scheduled_job_type/scheduled_job_type.py", line 95, in is_job_in_queue
    return is_job_enqueued(self.rq_job_id)
  File "/home/abhishek/frappe-bench/apps/frappe/frappe/utils/background_jobs.py", line 568, in is_job_enqueued
    return get_job_status(job_id) in (JobStatus.QUEUED, JobStatus.STARTED)
  File "/home/abhishek/frappe-bench/apps/frappe/frappe/utils/background_jobs.py", line 573, in get_job_status
    job = get_job(job_id)
  File "/home/abhishek/frappe-bench/apps/frappe/frappe/utils/background_jobs.py", line 580, in get_job
    return Job.fetch(create_job_id(job_id), connection=get_redis_conn())
  File "/home/abhishek/frappe-bench/env/lib/python3.10/site-packages/rq/job.py", line 591, in fetch
    job.refresh()
  File "/home/abhishek/frappe-bench/env/lib/python3.10/site-packages/rq/job.py", line 989, in refresh
    data = self.connection.hgetall(self.key)
  File "/home/abhishek/frappe-bench/env/lib/python3.10/site-packages/redis/commands/core.py", line 4887, in hgetall
    return self.execute_command("HGETALL", name)
  File "/home/abhishek/frappe-bench/env/lib/python3.10/site-packages/redis/client.py", line 1266, in execute_command
    conn = self.connection or pool.get_connection(command_name, **options)
  File "/home/abhishek/frappe-bench/env/lib/python3.10/site-packages/redis/connection.py", line 1467, in get_connection
    connection.connect()
  File "/home/abhishek/frappe-bench/env/lib/python3.10/site-packages/redis/connection.py", line 705, in connect
    raise ConnectionError(self._error_message(e))
redis.exceptions.ConnectionError: Error 111 connecting to 127.0.0.1:11000. Connection refused.
2025-11-02 14:09:36,857 ERROR scheduler Skipped queueing frappe.integrations.doctype.google_calendar.google_calendar.sync because it was found in queue for newsite.com
2025-11-02 14:09:37,138 ERROR scheduler Skipped queueing frappe.monitor.flush because it was found in queue for newsite.com
2025-11-02 14:09:37,173 ERROR scheduler Skipped queueing frappe.email.queue.retry_sending_emails because it was found in queue for newsite.com
2025-11-02 14:09:37,226 ERROR scheduler Skipped queueing frappe.email.queue.flush because it was found in queue for newsite.com
2025-11-02 14:10:37,586 ERROR scheduler Skipped queueing frappe.email.queue.flush because it was found in queue for newsite.com
2025-11-02 14:10:37,594 ERROR scheduler Skipped queueing frappe.monitor.flush because it was found in queue for newsite.com
2025-11-02 14:10:37,621 ERROR scheduler Skipped queueing frappe.integrations.doctype.google_calendar.google_calendar.sync because it was found in queue for newsite.com
2025-11-02 14:10:37,700 ERROR scheduler Skipped queueing frappe.email.queue.retry_sending_emails because it was found in queue for newsite.com
2025-11-02 14:11:38,182 ERROR scheduler Skipped queueing frappe.email.queue.flush because it was found in queue for newsite.com
2025-11-02 14:11:38,331 ERROR scheduler Skipped queueing frappe.monitor.flush because it was found in queue for newsite.com
2025-11-02 14:11:38,356 ERROR scheduler Skipped queueing frappe.integrations.doctype.google_calendar.google_calendar.sync because it was found in queue for newsite.com
2025-11-02 14:11:38,408 ERROR scheduler Skipped queueing frappe.email.queue.retry_sending_emails because it was found in queue for newsite.com
2025-11-02 14:11:38,412 ERROR scheduler Skipped queueing frappe.email.doctype.email_account.email_account.pull because it was found in queue for newsite.com
2025-11-02 15:49:36,115 ERROR scheduler Skipped queueing frappe.monitor.flush because it was found in queue for newsite.com
2025-11-02 15:49:36,591 ERROR scheduler Skipped queueing frappe.integrations.doctype.google_calendar.google_calendar.sync because it was found in queue for newsite.com
2025-11-02 15:49:36,601 ERROR scheduler Skipped queueing frappe.email.queue.retry_sending_emails because it was found in queue for newsite.com
2025-11-02 15:49:36,628 ERROR scheduler Skipped queueing frappe.email.queue.flush because it was found in queue for newsite.com
2025-11-02 15:50:37,373 ERROR scheduler Skipped queueing frappe.monitor.flush because it was found in queue for newsite.com
