2025-10-28 00:38:11,379 ERROR scheduler Exception in Enqueue Events for Site newsite.com
Traceback (most recent call last):
  File "/home/abhishek/frappe-bench/env/lib/python3.10/site-packages/redis/connection.py", line 699, in connect
    sock = self.retry.call_with_retry(
  File "/home/abhishek/frappe-bench/env/lib/python3.10/site-packages/redis/retry.py", line 46, in call_with_retry
    return do()
  File "/home/abhishek/frappe-bench/env/lib/python3.10/site-packages/redis/connection.py", line 700, in <lambda>
    lambda: self._connect(), lambda error: self.disconnect(error)
  File "/home/abhishek/frappe-bench/env/lib/python3.10/site-packages/redis/connection.py", line 1002, in _connect
    raise err
  File "/home/abhishek/frappe-bench/env/lib/python3.10/site-packages/redis/connection.py", line 990, in _connect
    sock.connect(socket_address)
ConnectionRefusedError: [Errno 111] Connection refused

During handling of the above exception, another exception occurred:

Traceback (most recent call last):
  File "/home/abhishek/frappe-bench/apps/frappe/frappe/utils/scheduler.py", line 102, in enqueue_events_for_site
    enqueue_events(site=site)
  File "/home/abhishek/frappe-bench/apps/frappe/frappe/utils/scheduler.py", line 122, in enqueue_events
    if job_type.enqueue():
  File "/home/abhishek/frappe-bench/apps/frappe/frappe/core/doctype/scheduled_job_type/scheduled_job_type.py", line 74, in enqueue
    if not self.is_job_in_queue():
  File "/home/abhishek/frappe-bench/apps/frappe/frappe/core/doctype/scheduled_job_type/scheduled_job_type.py", line 95, in is_job_in_queue
    return is_job_enqueued(self.rq_job_id)
  File "/home/abhishek/frappe-bench/apps/frappe/frappe/utils/background_jobs.py", line 568, in is_job_enqueued
    return get_job_status(job_id) in (JobStatus.QUEUED, JobStatus.STARTED)
  File "/home/abhishek/frappe-bench/apps/frappe/frappe/utils/background_jobs.py", line 573, in get_job_status
    job = get_job(job_id)
  File "/home/abhishek/frappe-bench/apps/frappe/frappe/utils/background_jobs.py", line 580, in get_job
    return Job.fetch(create_job_id(job_id), connection=get_redis_conn())
  File "/home/abhishek/frappe-bench/env/lib/python3.10/site-packages/rq/job.py", line 591, in fetch
    job.refresh()
  File "/home/abhishek/frappe-bench/env/lib/python3.10/site-packages/rq/job.py", line 989, in refresh
    data = self.connection.hgetall(self.key)
  File "/home/abhishek/frappe-bench/env/lib/python3.10/site-packages/redis/commands/core.py", line 4887, in hgetall
    return self.execute_command("HGETALL", name)
  File "/home/abhishek/frappe-bench/env/lib/python3.10/site-packages/redis/client.py", line 1266, in execute_command
    conn = self.connection or pool.get_connection(command_name, **options)
  File "/home/abhishek/frappe-bench/env/lib/python3.10/site-packages/redis/connection.py", line 1457, in get_connection
    connection.connect()
  File "/home/abhishek/frappe-bench/env/lib/python3.10/site-packages/redis/connection.py", line 705, in connect
    raise ConnectionError(self._error_message(e))
redis.exceptions.ConnectionError: Error 111 connecting to 127.0.0.1:11000. Connection refused.
2025-10-28 00:39:13,585 ERROR scheduler Exception in Enqueue Events for Site newsite.com
Traceback (most recent call last):
  File "/home/abhishek/frappe-bench/env/lib/python3.10/site-packages/redis/connection.py", line 699, in connect
    sock = self.retry.call_with_retry(
  File "/home/abhishek/frappe-bench/env/lib/python3.10/site-packages/redis/retry.py", line 46, in call_with_retry
    return do()
  File "/home/abhishek/frappe-bench/env/lib/python3.10/site-packages/redis/connection.py", line 700, in <lambda>
    lambda: self._connect(), lambda error: self.disconnect(error)
  File "/home/abhishek/frappe-bench/env/lib/python3.10/site-packages/redis/connection.py", line 1002, in _connect
    raise err
  File "/home/abhishek/frappe-bench/env/lib/python3.10/site-packages/redis/connection.py", line 990, in _connect
    sock.connect(socket_address)
ConnectionRefusedError: [Errno 111] Connection refused

During handling of the above exception, another exception occurred:

Traceback (most recent call last):
  File "/home/abhishek/frappe-bench/apps/frappe/frappe/utils/scheduler.py", line 102, in enqueue_events_for_site
    enqueue_events(site=site)
  File "/home/abhishek/frappe-bench/apps/frappe/frappe/utils/scheduler.py", line 122, in enqueue_events
    if job_type.enqueue():
  File "/home/abhishek/frappe-bench/apps/frappe/frappe/core/doctype/scheduled_job_type/scheduled_job_type.py", line 74, in enqueue
    if not self.is_job_in_queue():
  File "/home/abhishek/frappe-bench/apps/frappe/frappe/core/doctype/scheduled_job_type/scheduled_job_type.py", line 95, in is_job_in_queue
    return is_job_enqueued(self.rq_job_id)
  File "/home/abhishek/frappe-bench/apps/frappe/frappe/utils/background_jobs.py", line 568, in is_job_enqueued
    return get_job_status(job_id) in (JobStatus.QUEUED, JobStatus.STARTED)
  File "/home/abhishek/frappe-bench/apps/frappe/frappe/utils/background_jobs.py", line 573, in get_job_status
    job = get_job(job_id)
  File "/home/abhishek/frappe-bench/apps/frappe/frappe/utils/background_jobs.py", line 580, in get_job
    return Job.fetch(create_job_id(job_id), connection=get_redis_conn())
  File "/home/abhishek/frappe-bench/env/lib/python3.10/site-packages/rq/job.py", line 591, in fetch
    job.refresh()
  File "/home/abhishek/frappe-bench/env/lib/python3.10/site-packages/rq/job.py", line 989, in refresh
    data = self.connection.hgetall(self.key)
  File "/home/abhishek/frappe-bench/env/lib/python3.10/site-packages/redis/commands/core.py", line 4887, in hgetall
    return self.execute_command("HGETALL", name)
  File "/home/abhishek/frappe-bench/env/lib/python3.10/site-packages/redis/client.py", line 1266, in execute_command
    conn = self.connection or pool.get_connection(command_name, **options)
  File "/home/abhishek/frappe-bench/env/lib/python3.10/site-packages/redis/connection.py", line 1457, in get_connection
    connection.connect()
  File "/home/abhishek/frappe-bench/env/lib/python3.10/site-packages/redis/connection.py", line 705, in connect
    raise ConnectionError(self._error_message(e))
redis.exceptions.ConnectionError: Error 111 connecting to 127.0.0.1:11000. Connection refused.
2025-10-28 00:40:14,151 ERROR scheduler Exception in Enqueue Events for Site newsite.com
Traceback (most recent call last):
  File "/home/abhishek/frappe-bench/env/lib/python3.10/site-packages/redis/connection.py", line 699, in connect
    sock = self.retry.call_with_retry(
  File "/home/abhishek/frappe-bench/env/lib/python3.10/site-packages/redis/retry.py", line 46, in call_with_retry
    return do()
  File "/home/abhishek/frappe-bench/env/lib/python3.10/site-packages/redis/connection.py", line 700, in <lambda>
    lambda: self._connect(), lambda error: self.disconnect(error)
  File "/home/abhishek/frappe-bench/env/lib/python3.10/site-packages/redis/connection.py", line 1002, in _connect
    raise err
  File "/home/abhishek/frappe-bench/env/lib/python3.10/site-packages/redis/connection.py", line 990, in _connect
    sock.connect(socket_address)
ConnectionRefusedError: [Errno 111] Connection refused

During handling of the above exception, another exception occurred:

Traceback (most recent call last):
  File "/home/abhishek/frappe-bench/apps/frappe/frappe/utils/scheduler.py", line 102, in enqueue_events_for_site
    enqueue_events(site=site)
  File "/home/abhishek/frappe-bench/apps/frappe/frappe/utils/scheduler.py", line 122, in enqueue_events
    if job_type.enqueue():
  File "/home/abhishek/frappe-bench/apps/frappe/frappe/core/doctype/scheduled_job_type/scheduled_job_type.py", line 74, in enqueue
    if not self.is_job_in_queue():
  File "/home/abhishek/frappe-bench/apps/frappe/frappe/core/doctype/scheduled_job_type/scheduled_job_type.py", line 95, in is_job_in_queue
    return is_job_enqueued(self.rq_job_id)
  File "/home/abhishek/frappe-bench/apps/frappe/frappe/utils/background_jobs.py", line 568, in is_job_enqueued
    return get_job_status(job_id) in (JobStatus.QUEUED, JobStatus.STARTED)
  File "/home/abhishek/frappe-bench/apps/frappe/frappe/utils/background_jobs.py", line 573, in get_job_status
    job = get_job(job_id)
  File "/home/abhishek/frappe-bench/apps/frappe/frappe/utils/background_jobs.py", line 580, in get_job
    return Job.fetch(create_job_id(job_id), connection=get_redis_conn())
  File "/home/abhishek/frappe-bench/env/lib/python3.10/site-packages/rq/job.py", line 591, in fetch
    job.refresh()
  File "/home/abhishek/frappe-bench/env/lib/python3.10/site-packages/rq/job.py", line 989, in refresh
    data = self.connection.hgetall(self.key)
  File "/home/abhishek/frappe-bench/env/lib/python3.10/site-packages/redis/commands/core.py", line 4887, in hgetall
    return self.execute_command("HGETALL", name)
  File "/home/abhishek/frappe-bench/env/lib/python3.10/site-packages/redis/client.py", line 1266, in execute_command
    conn = self.connection or pool.get_connection(command_name, **options)
  File "/home/abhishek/frappe-bench/env/lib/python3.10/site-packages/redis/connection.py", line 1457, in get_connection
    connection.connect()
  File "/home/abhishek/frappe-bench/env/lib/python3.10/site-packages/redis/connection.py", line 705, in connect
    raise ConnectionError(self._error_message(e))
redis.exceptions.ConnectionError: Error 111 connecting to 127.0.0.1:11000. Connection refused.
2025-10-28 01:13:12,812 ERROR scheduler Exception in Enqueue Events for Site newsite.com
Traceback (most recent call last):
  File "/home/abhishek/frappe-bench/env/lib/python3.10/site-packages/redis/connection.py", line 699, in connect
    sock = self.retry.call_with_retry(
  File "/home/abhishek/frappe-bench/env/lib/python3.10/site-packages/redis/retry.py", line 46, in call_with_retry
    return do()
  File "/home/abhishek/frappe-bench/env/lib/python3.10/site-packages/redis/connection.py", line 700, in <lambda>
    lambda: self._connect(), lambda error: self.disconnect(error)
  File "/home/abhishek/frappe-bench/env/lib/python3.10/site-packages/redis/connection.py", line 1002, in _connect
    raise err
  File "/home/abhishek/frappe-bench/env/lib/python3.10/site-packages/redis/connection.py", line 990, in _connect
    sock.connect(socket_address)
ConnectionRefusedError: [Errno 111] Connection refused

During handling of the above exception, another exception occurred:

Traceback (most recent call last):
  File "/home/abhishek/frappe-bench/apps/frappe/frappe/utils/scheduler.py", line 102, in enqueue_events_for_site
    enqueue_events(site=site)
  File "/home/abhishek/frappe-bench/apps/frappe/frappe/utils/scheduler.py", line 122, in enqueue_events
    if job_type.enqueue():
  File "/home/abhishek/frappe-bench/apps/frappe/frappe/core/doctype/scheduled_job_type/scheduled_job_type.py", line 74, in enqueue
    if not self.is_job_in_queue():
  File "/home/abhishek/frappe-bench/apps/frappe/frappe/core/doctype/scheduled_job_type/scheduled_job_type.py", line 95, in is_job_in_queue
    return is_job_enqueued(self.rq_job_id)
  File "/home/abhishek/frappe-bench/apps/frappe/frappe/utils/background_jobs.py", line 568, in is_job_enqueued
    return get_job_status(job_id) in (JobStatus.QUEUED, JobStatus.STARTED)
  File "/home/abhishek/frappe-bench/apps/frappe/frappe/utils/background_jobs.py", line 573, in get_job_status
    job = get_job(job_id)
  File "/home/abhishek/frappe-bench/apps/frappe/frappe/utils/background_jobs.py", line 580, in get_job
    return Job.fetch(create_job_id(job_id), connection=get_redis_conn())
  File "/home/abhishek/frappe-bench/env/lib/python3.10/site-packages/rq/job.py", line 591, in fetch
    job.refresh()
  File "/home/abhishek/frappe-bench/env/lib/python3.10/site-packages/rq/job.py", line 989, in refresh
    data = self.connection.hgetall(self.key)
  File "/home/abhishek/frappe-bench/env/lib/python3.10/site-packages/redis/commands/core.py", line 4887, in hgetall
    return self.execute_command("HGETALL", name)
  File "/home/abhishek/frappe-bench/env/lib/python3.10/site-packages/redis/client.py", line 1266, in execute_command
    conn = self.connection or pool.get_connection(command_name, **options)
  File "/home/abhishek/frappe-bench/env/lib/python3.10/site-packages/redis/connection.py", line 1457, in get_connection
    connection.connect()
  File "/home/abhishek/frappe-bench/env/lib/python3.10/site-packages/redis/connection.py", line 705, in connect
    raise ConnectionError(self._error_message(e))
redis.exceptions.ConnectionError: Error 111 connecting to 127.0.0.1:11000. Connection refused.
2025-10-28 01:14:13,517 ERROR scheduler Exception in Enqueue Events for Site newsite.com
Traceback (most recent call last):
  File "/home/abhishek/frappe-bench/env/lib/python3.10/site-packages/redis/connection.py", line 699, in connect
    sock = self.retry.call_with_retry(
  File "/home/abhishek/frappe-bench/env/lib/python3.10/site-packages/redis/retry.py", line 46, in call_with_retry
    return do()
  File "/home/abhishek/frappe-bench/env/lib/python3.10/site-packages/redis/connection.py", line 700, in <lambda>
    lambda: self._connect(), lambda error: self.disconnect(error)
  File "/home/abhishek/frappe-bench/env/lib/python3.10/site-packages/redis/connection.py", line 1002, in _connect
    raise err
  File "/home/abhishek/frappe-bench/env/lib/python3.10/site-packages/redis/connection.py", line 990, in _connect
    sock.connect(socket_address)
ConnectionRefusedError: [Errno 111] Connection refused

During handling of the above exception, another exception occurred:

Traceback (most recent call last):
  File "/home/abhishek/frappe-bench/apps/frappe/frappe/utils/scheduler.py", line 102, in enqueue_events_for_site
    enqueue_events(site=site)
  File "/home/abhishek/frappe-bench/apps/frappe/frappe/utils/scheduler.py", line 122, in enqueue_events
    if job_type.enqueue():
  File "/home/abhishek/frappe-bench/apps/frappe/frappe/core/doctype/scheduled_job_type/scheduled_job_type.py", line 74, in enqueue
    if not self.is_job_in_queue():
  File "/home/abhishek/frappe-bench/apps/frappe/frappe/core/doctype/scheduled_job_type/scheduled_job_type.py", line 95, in is_job_in_queue
    return is_job_enqueued(self.rq_job_id)
  File "/home/abhishek/frappe-bench/apps/frappe/frappe/utils/background_jobs.py", line 568, in is_job_enqueued
    return get_job_status(job_id) in (JobStatus.QUEUED, JobStatus.STARTED)
  File "/home/abhishek/frappe-bench/apps/frappe/frappe/utils/background_jobs.py", line 573, in get_job_status
    job = get_job(job_id)
  File "/home/abhishek/frappe-bench/apps/frappe/frappe/utils/background_jobs.py", line 580, in get_job
    return Job.fetch(create_job_id(job_id), connection=get_redis_conn())
  File "/home/abhishek/frappe-bench/env/lib/python3.10/site-packages/rq/job.py", line 591, in fetch
    job.refresh()
  File "/home/abhishek/frappe-bench/env/lib/python3.10/site-packages/rq/job.py", line 989, in refresh
    data = self.connection.hgetall(self.key)
  File "/home/abhishek/frappe-bench/env/lib/python3.10/site-packages/redis/commands/core.py", line 4887, in hgetall
    return self.execute_command("HGETALL", name)
  File "/home/abhishek/frappe-bench/env/lib/python3.10/site-packages/redis/client.py", line 1266, in execute_command
    conn = self.connection or pool.get_connection(command_name, **options)
  File "/home/abhishek/frappe-bench/env/lib/python3.10/site-packages/redis/connection.py", line 1457, in get_connection
    connection.connect()
  File "/home/abhishek/frappe-bench/env/lib/python3.10/site-packages/redis/connection.py", line 705, in connect
    raise ConnectionError(self._error_message(e))
redis.exceptions.ConnectionError: Error 111 connecting to 127.0.0.1:11000. Connection refused.
2025-10-28 01:15:14,208 ERROR scheduler Exception in Enqueue Events for Site newsite.com
Traceback (most recent call last):
  File "/home/abhishek/frappe-bench/env/lib/python3.10/site-packages/redis/connection.py", line 699, in connect
    sock = self.retry.call_with_retry(
  File "/home/abhishek/frappe-bench/env/lib/python3.10/site-packages/redis/retry.py", line 46, in call_with_retry
    return do()
  File "/home/abhishek/frappe-bench/env/lib/python3.10/site-packages/redis/connection.py", line 700, in <lambda>
    lambda: self._connect(), lambda error: self.disconnect(error)
  File "/home/abhishek/frappe-bench/env/lib/python3.10/site-packages/redis/connection.py", line 1002, in _connect
    raise err
  File "/home/abhishek/frappe-bench/env/lib/python3.10/site-packages/redis/connection.py", line 990, in _connect
    sock.connect(socket_address)
ConnectionRefusedError: [Errno 111] Connection refused

During handling of the above exception, another exception occurred:

Traceback (most recent call last):
  File "/home/abhishek/frappe-bench/apps/frappe/frappe/utils/scheduler.py", line 102, in enqueue_events_for_site
    enqueue_events(site=site)
  File "/home/abhishek/frappe-bench/apps/frappe/frappe/utils/scheduler.py", line 122, in enqueue_events
    if job_type.enqueue():
  File "/home/abhishek/frappe-bench/apps/frappe/frappe/core/doctype/scheduled_job_type/scheduled_job_type.py", line 74, in enqueue
    if not self.is_job_in_queue():
  File "/home/abhishek/frappe-bench/apps/frappe/frappe/core/doctype/scheduled_job_type/scheduled_job_type.py", line 95, in is_job_in_queue
    return is_job_enqueued(self.rq_job_id)
  File "/home/abhishek/frappe-bench/apps/frappe/frappe/utils/background_jobs.py", line 568, in is_job_enqueued
    return get_job_status(job_id) in (JobStatus.QUEUED, JobStatus.STARTED)
  File "/home/abhishek/frappe-bench/apps/frappe/frappe/utils/background_jobs.py", line 573, in get_job_status
    job = get_job(job_id)
  File "/home/abhishek/frappe-bench/apps/frappe/frappe/utils/background_jobs.py", line 580, in get_job
    return Job.fetch(create_job_id(job_id), connection=get_redis_conn())
  File "/home/abhishek/frappe-bench/env/lib/python3.10/site-packages/rq/job.py", line 591, in fetch
    job.refresh()
  File "/home/abhishek/frappe-bench/env/lib/python3.10/site-packages/rq/job.py", line 989, in refresh
    data = self.connection.hgetall(self.key)
  File "/home/abhishek/frappe-bench/env/lib/python3.10/site-packages/redis/commands/core.py", line 4887, in hgetall
    return self.execute_command("HGETALL", name)
  File "/home/abhishek/frappe-bench/env/lib/python3.10/site-packages/redis/client.py", line 1266, in execute_command
    conn = self.connection or pool.get_connection(command_name, **options)
  File "/home/abhishek/frappe-bench/env/lib/python3.10/site-packages/redis/connection.py", line 1457, in get_connection
    connection.connect()
  File "/home/abhishek/frappe-bench/env/lib/python3.10/site-packages/redis/connection.py", line 705, in connect
    raise ConnectionError(self._error_message(e))
redis.exceptions.ConnectionError: Error 111 connecting to 127.0.0.1:11000. Connection refused.
2025-10-28 01:17:56,172 ERROR scheduler Skipped queueing erpnext.stock.doctype.repost_item_valuation.repost_item_valuation.repost_entries because it was found in queue for newsite.com
2025-10-28 01:17:56,702 ERROR scheduler Skipped queueing frappe.email.doctype.email_account.email_account.pull because it was found in queue for newsite.com
2025-10-28 01:17:56,750 ERROR scheduler Skipped queueing frappe.twofactor.delete_all_barcodes_for_users because it was found in queue for newsite.com
2025-10-28 01:17:57,116 ERROR scheduler Skipped queueing frappe.desk.utils.delete_old_exported_report_files because it was found in queue for newsite.com
2025-10-28 01:17:57,319 ERROR scheduler Skipped queueing frappe.desk.page.backups.backups.delete_downloadable_backups because it was found in queue for newsite.com
2025-10-28 01:17:57,410 ERROR scheduler Skipped queueing erpnext.manufacturing.doctype.bom_update_log.bom_update_log.resume_bom_cost_update_jobs because it was found in queue for newsite.com
2025-10-28 01:17:57,527 ERROR scheduler Skipped queueing frappe.website.doctype.web_page.web_page.check_publish_status because it was found in queue for newsite.com
2025-10-28 01:17:57,668 ERROR scheduler Skipped queueing erpnext.accounts.doctype.gl_entry.gl_entry.rename_gle_sle_docs because it was found in queue for newsite.com
2025-10-28 01:17:57,853 ERROR scheduler Skipped queueing erpnext.utilities.bulk_transaction.retry because it was found in queue for newsite.com
2025-10-28 01:17:57,931 ERROR scheduler Skipped queueing frappe.oauth.delete_oauth2_data because it was found in queue for newsite.com
2025-10-28 01:17:57,990 ERROR scheduler Skipped queueing frappe.core.doctype.prepared_report.prepared_report.expire_stalled_report because it was found in queue for newsite.com
2025-10-28 01:17:58,092 ERROR scheduler Skipped queueing erpnext.projects.doctype.project.project.collect_project_status because it was found in queue for newsite.com
2025-10-28 01:17:58,168 ERROR scheduler Skipped queueing erpnext.stock.reorder_item.reorder_item because it was found in queue for newsite.com
2025-10-28 01:17:58,530 ERROR scheduler Skipped queueing frappe.monitor.flush because it was found in queue for newsite.com
2025-10-28 01:17:59,330 ERROR scheduler Skipped queueing frappe.email.queue.flush because it was found in queue for newsite.com
2025-10-28 01:17:59,641 ERROR scheduler Skipped queueing erpnext.projects.doctype.project.project.project_status_update_reminder because it was found in queue for newsite.com
2025-10-28 01:17:59,900 ERROR scheduler Skipped queueing frappe.automation.doctype.reminder.reminder.send_reminders because it was found in queue for newsite.com
2025-10-28 01:18:00,123 ERROR scheduler Skipped queueing frappe.model.utils.user_settings.sync_user_settings because it was found in queue for newsite.com
2025-10-28 01:18:00,273 ERROR scheduler Skipped queueing frappe.website.doctype.personal_data_deletion_request.personal_data_deletion_request.process_data_deletion_request because it was found in queue for newsite.com
2025-10-28 12:09:00,826 ERROR scheduler Exception in Enqueue Events for Site newsite.com
Traceback (most recent call last):
  File "/home/abhishek/frappe-bench/env/lib/python3.10/site-packages/redis/connection.py", line 1463, in get_connection
    if connection.can_read():
  File "/home/abhishek/frappe-bench/env/lib/python3.10/site-packages/redis/connection.py", line 861, in can_read
    return self._parser.can_read(timeout)
  File "/home/abhishek/frappe-bench/env/lib/python3.10/site-packages/redis/connection.py", line 444, in can_read
    return self.read_from_socket(timeout=timeout, raise_on_timeout=False)
  File "/home/abhishek/frappe-bench/env/lib/python3.10/site-packages/redis/connection.py", line 455, in read_from_socket
    raise ConnectionError(SERVER_CLOSED_CONNECTION_ERROR)
redis.exceptions.ConnectionError: Connection closed by server.

During handling of the above exception, another exception occurred:

Traceback (most recent call last):
  File "/home/abhishek/frappe-bench/env/lib/python3.10/site-packages/redis/connection.py", line 699, in connect
    sock = self.retry.call_with_retry(
  File "/home/abhishek/frappe-bench/env/lib/python3.10/site-packages/redis/retry.py", line 46, in call_with_retry
    return do()
  File "/home/abhishek/frappe-bench/env/lib/python3.10/site-packages/redis/connection.py", line 700, in <lambda>
    lambda: self._connect(), lambda error: self.disconnect(error)
  File "/home/abhishek/frappe-bench/env/lib/python3.10/site-packages/redis/connection.py", line 1002, in _connect
    raise err
  File "/home/abhishek/frappe-bench/env/lib/python3.10/site-packages/redis/connection.py", line 990, in _connect
    sock.connect(socket_address)
ConnectionRefusedError: [Errno 111] Connection refused

During handling of the above exception, another exception occurred:

Traceback (most recent call last):
  File "/home/abhishek/frappe-bench/apps/frappe/frappe/utils/scheduler.py", line 102, in enqueue_events_for_site
    enqueue_events(site=site)
  File "/home/abhishek/frappe-bench/apps/frappe/frappe/utils/scheduler.py", line 122, in enqueue_events
    if job_type.enqueue():
  File "/home/abhishek/frappe-bench/apps/frappe/frappe/core/doctype/scheduled_job_type/scheduled_job_type.py", line 74, in enqueue
    if not self.is_job_in_queue():
  File "/home/abhishek/frappe-bench/apps/frappe/frappe/core/doctype/scheduled_job_type/scheduled_job_type.py", line 95, in is_job_in_queue
    return is_job_enqueued(self.rq_job_id)
  File "/home/abhishek/frappe-bench/apps/frappe/frappe/utils/background_jobs.py", line 568, in is_job_enqueued
    return get_job_status(job_id) in (JobStatus.QUEUED, JobStatus.STARTED)
  File "/home/abhishek/frappe-bench/apps/frappe/frappe/utils/background_jobs.py", line 573, in get_job_status
    job = get_job(job_id)
  File "/home/abhishek/frappe-bench/apps/frappe/frappe/utils/background_jobs.py", line 580, in get_job
    return Job.fetch(create_job_id(job_id), connection=get_redis_conn())
  File "/home/abhishek/frappe-bench/env/lib/python3.10/site-packages/rq/job.py", line 591, in fetch
    job.refresh()
  File "/home/abhishek/frappe-bench/env/lib/python3.10/site-packages/rq/job.py", line 989, in refresh
    data = self.connection.hgetall(self.key)
  File "/home/abhishek/frappe-bench/env/lib/python3.10/site-packages/redis/commands/core.py", line 4887, in hgetall
    return self.execute_command("HGETALL", name)
  File "/home/abhishek/frappe-bench/env/lib/python3.10/site-packages/redis/client.py", line 1266, in execute_command
    conn = self.connection or pool.get_connection(command_name, **options)
  File "/home/abhishek/frappe-bench/env/lib/python3.10/site-packages/redis/connection.py", line 1467, in get_connection
    connection.connect()
  File "/home/abhishek/frappe-bench/env/lib/python3.10/site-packages/redis/connection.py", line 705, in connect
    raise ConnectionError(self._error_message(e))
redis.exceptions.ConnectionError: Error 111 connecting to 127.0.0.1:11000. Connection refused.
